<?xml version="1.0" encoding="UTF-8"?>
<testng-results ignored="0" total="1" passed="1" failed="0" skipped="0">
  <reporter-output>
  </reporter-output>
  <suite started-at="2024-10-29T12:56:48 IST" name="Default suite" finished-at="2024-10-29T12:57:04 IST" duration-ms="15850">
    <groups>
    </groups>
    <test started-at="2024-10-29T12:56:48 IST" name="Default test" finished-at="2024-10-29T12:57:04 IST" duration-ms="15850">
      <class name="steps.SampleTest">
        <test-method is-config="true" signature="setUp()[pri:0, instance:steps.SampleTest@1ed4ae0f]" started-at="2024-10-29T12:56:48 IST" name="setUp" finished-at="2024-10-29T12:56:53 IST" duration-ms="4581" status="PASS">
          <reporter-output>
          </reporter-output>
        </test-method> <!-- setUp -->
        <test-method signature="testBingSearch()[pri:0, instance:steps.SampleTest@1ed4ae0f]" started-at="2024-10-29T12:56:53 IST" name="testBingSearch" finished-at="2024-10-29T12:57:04 IST" duration-ms="10687" status="PASS">
          <reporter-output>
          </reporter-output>
        </test-method> <!-- testBingSearch -->
        <test-method is-config="true" signature="tearDown()[pri:0, instance:steps.SampleTest@1ed4ae0f]" started-at="2024-10-29T12:57:04 IST" name="tearDown" finished-at="2024-10-29T12:57:04 IST" duration-ms="436" status="PASS">
          <reporter-output>
          </reporter-output>
        </test-method> <!-- tearDown -->
      </class> <!-- steps.SampleTest -->
    </test> <!-- Default test -->
  </suite> <!-- Default suite -->
</testng-results>
