<?xml version="1.0" encoding="UTF-8"?>
<testng-results ignored="0" total="1" passed="1" failed="0" skipped="0">
  <reporter-output>
  </reporter-output>
  <suite started-at="2024-10-29T17:11:04 IST" name="Playwright TestNG Suite" finished-at="2024-10-29T17:11:20 IST" duration-ms="16289">
    <groups>
    </groups>
    <test started-at="2024-10-29T17:11:04 IST" name="Parallel Sample Tests" finished-at="2024-10-29T17:11:20 IST" duration-ms="16289">
      <class name="steps.SampleTest">
        <test-method is-config="true" signature="setUp()[pri:0, instance:steps.SampleTest@27ff5d15]" started-at="2024-10-29T17:11:04 IST" name="setUp" finished-at="2024-10-29T17:11:09 IST" duration-ms="4990" status="PASS">
          <reporter-output>
          </reporter-output>
        </test-method> <!-- setUp -->
        <test-method signature="testBingSearch()[pri:0, instance:steps.SampleTest@27ff5d15]" started-at="2024-10-29T17:11:09 IST" name="testBingSearch" finished-at="2024-10-29T17:11:20 IST" duration-ms="10608" status="PASS">
          <reporter-output>
          </reporter-output>
        </test-method> <!-- testBingSearch -->
        <test-method is-config="true" signature="tearDown()[pri:0, instance:steps.SampleTest@27ff5d15]" started-at="2024-10-29T17:11:20 IST" name="tearDown" finished-at="2024-10-29T17:11:20 IST" duration-ms="514" status="PASS">
          <reporter-output>
          </reporter-output>
        </test-method> <!-- tearDown -->
      </class> <!-- steps.SampleTest -->
    </test> <!-- Parallel Sample Tests -->
  </suite> <!-- Playwright TestNG Suite -->
</testng-results>
